Performing C++ SOURCE FILE Test CMAKE_HAVE_LIBC_PTHREAD failed with the following output:
Change Dir: /home/robot/Desktop/workspace/FR3_cpp/build/CMakeFiles/CMakeTmp

Run Build Command(s):/usr/bin/ninja cmTC_34fc8 && [1/2] Building CXX object CMakeFiles/cmTC_34fc8.dir/src.cxx.o
[2/2] Linking CXX executable cmTC_34fc8
FAILED: cmTC_34fc8 
: && /usr/bin/g++  -DCMAKE_HAVE_LIBC_PTHREAD   CMakeFiles/cmTC_34fc8.dir/src.cxx.o  -o cmTC_34fc8   && :
/usr/bin/ld: CMakeFiles/cmTC_34fc8.dir/src.cxx.o: in function `main':
src.cxx:(.text+0x46): undefined reference to `pthread_create'
/usr/bin/ld: src.cxx:(.text+0x52): undefined reference to `pthread_detach'
/usr/bin/ld: src.cxx:(.text+0x63): undefined reference to `pthread_join'
collect2: error: ld returned 1 exit status
ninja: build stopped: subcommand failed.


Source file was:
#include <pthread.h>

void* test_func(void* data)
{
  return data;
}

int main(void)
{
  pthread_t thread;
  pthread_create(&thread, NULL, test_func, NULL);
  pthread_detach(thread);
  pthread_join(thread, NULL);
  pthread_atfork(NULL, NULL, NULL);
  pthread_exit(NULL);

  return 0;
}

